[eikakyoushitsu.com/index.html]
[backblue.gif]
[fade.gif]
[index.html]
[eikakyoushitsu.com/wp-content/uploads/2023/03/tsuchiura_eikasyujikyoushitsu_logo.png]
[eikakyoushitsu.com/index1f53.json]
[eikakyoushitsu.com/indexef6f.php]
[eikakyoushitsu.com/wp-content/themes/astra/assets/css/minified/main.min05da.css]
[eikakyoushitsu.com/wp-includes/css/dist/block-library/style.mind4d0.css]
[eikakyoushitsu.com/indexd784.html]
[eikakyoushitsu.com/wp-includes/js/jquery/jquery.minf43b.js]
[eikakyoushitsu.com/wp-includes/js/jquery/jquery-migrate.min5589.js]
[eikakyoushitsu.com/wp-content/plugins/sticky-menu-or-anything-on-scroll/assets/js/jq-sticky-anything.mine1fc.js]
[eikakyoushitsu.com/index52f0.json]
[eikakyoushitsu.com/indexa6da.html]
[eikakyoushitsu.com/indexe79e.json]
[eikakyoushitsu.com/xmlrpc0db0.php]
[eikakyoushitsu.com/wp-content/uploads/2023/02/icon.png]
[eikakyoushitsu.com/wp-content/uploads/2023/03/eikasyujikyoushitsu-1024x461.jpg]
[eikakyoushitsu.com/wp-content/uploads/2025/03/eto_hebi_kakizome.png]
[eikakyoushitsu.com/wp-content/uploads/2023/02/miyo-1.png]
[eikakyoushitsu.com/wp-content/themes/astra/assets/js/minified/frontend.min05da.js]
[eikakyoushitsu.com/index.html]
[eikakyoushitsu.com/wp-content/themes/astra/assets/css/minified/main.min05da.css]
[eikakyoushitsu.com/wp-content/plugins/sticky-menu-or-anything-on-scroll/assets/js/stickThise1fc.js]
[eikakyoushitsu.com/index8091.html]
[eikakyoushitsu.com/wp-includes/css/dist/block-library/style.mind4d0.css]
[eikakyoushitsu.com/index96bd.html]
[eikakyoushitsu.com/index8ce2.html]
[eikakyoushitsu.com/index4805.html]
[eikakyoushitsu.com/index96cb.html]
[eikakyoushitsu.com/index02f8.json]
[eikakyoushitsu.com/index8ca1.php]
[eikakyoushitsu.com/index020e.json]
[eikakyoushitsu.com/wp-content/uploads/2023/02/11960-1024x1024.jpg]
[eikakyoushitsu.com/wp-content/uploads/2023/02/119646-768x1024.jpg]
[eikakyoushitsu.com/index8091.html]
[eikakyoushitsu.com/index021d.json]
[eikakyoushitsu.com/index25d6.php]
[eikakyoushitsu.com/indexc31a.json]
[eikakyoushitsu.com/wp-content/uploads/2023/03/120853-461x1024.jpg]
[eikakyoushitsu.com/wp-content/uploads/2023/02/119643-768x1024.jpg]
[eikakyoushitsu.com/wp-content/uploads/2023/02/119642-768x1024.jpg]
[eikakyoushitsu.com/index96bd.html]
[eikakyoushitsu.com/indexafac.json]
[eikakyoushitsu.com/index0150.php]
[eikakyoushitsu.com/index8ce2.html]
[eikakyoushitsu.com/index4805.html]
[eikakyoushitsu.com/index96cb.html]
[eikakyoushitsu.com/index8cd4.html]
[eikakyoushitsu.com/index3fbb.html]
[eikakyoushitsu.com/indexbd20.json]
[eikakyoushitsu.com/index5401.html]
